
icps : $(OBJDIR)/icps.o $(STATIC_LIBCPS) $(FPROBJS)
	$(STATIC_LINKER) $(FFLAGS) -o $(ICPS) $(OBJDIR)/icps.o $(OBJDIR)/engine.o $(STATIC_LIBCPS) $(LDFLAGS)

ezcps : $(OBJDIR)/ezcps.o $(STATIC_LIBCPS) $(FPROBJS) $(CPROBJS)
	$(STATIC_LINKER) $(FFLAGS) -o $(EZCPS) $(OBJDIR)/ezcps.o $(STATIC_LIBCPS) $(LDFLAGS)

bldsup : $(OBJDIR)/bldsup.o $(STATIC_LIBCPS) $(FPROBJS) $(CPROBJS)
	$(STATIC_LINKER) $(FFLAGS) -o $(BLDSUP) $(OBJDIR)/bldsup.o $(OBJDIR)/build_super.o \
	$(STATIC_LIBCPS) $(LDFLAGS)

checkc : $(OBJDIR)/checkc.o $(STATIC_LIBCPS)
	$(STATIC_LINKER) $(FFLAGS) -o $(CHECKC) $(OBJDIR)/checkc.o $(STATIC_LIBCPS) $(LDFLAGS)

ezgui : $(OBJDIR)/ezgui.o $(STATIC_LIBCPS) $(FPROBJS) $(CPROBJS)
	$(STATIC_LINKER) $(FFLAGS) -o $(EZGUI) $(OBJDIR)/ezgui.o $(OBJDIR)/ezgui_frou.o $(STATIC_LIBCPS) $(LDFLAGS)

ezsub : $(OBJDIR)/ezsub.o $(STATIC_LIBCPS)
	$(STATIC_LINKER) $(FFLAGS) -o $(EZSUB) $(OBJDIR)/ezsub.o $(STATIC_LIBCPS) $(LDFLAGS)

permsave : $(OBJDIR)/permsave.o $(STATIC_LIBCPS)
	$(STATIC_LINKER) $(FFLAGS) -o $(PERMSAVE) $(OBJDIR)/permsave.o $(STATIC_LIBCPS) $(LDFLAGS)

junk2blank : $(OBJDIR)/junk2blank.o $(STATIC_LIBCPS)
	$(STATIC_LINKER) $(FFLAGS) -o $(JUNK2BLANK) $(OBJDIR)/junk2blank.o $(STATIC_LIBCPS) $(LDFLAGS)

command_timeout : command_timeout.o
	$(STATIC_LINKER) $(FFLAGS) -o $(CMDTIM) $(OBJDIR)/command_timeout.o $(LDFLAGS)

sps_build_superproc : sps_build_superproc.f90 \
	$(OBJDIR)/alphasort.o $(OBJDIR)/getsys.o $(OBJDIR)/putsys.o $(OBJDIR)/string.o $(OBJDIR)/named_constants.o \
	$(OBJDIR)/sizeof.o $(OBJDIR)/string_crou.o  $(OBJDIR)/sizeof_crou.o $(OBJDIR)/cgetsys.o $(OBJDIR)/str.o \
	$(OBJDIR)/cputsys.o $(OBJDIR)/cnfg.o $(OBJDIR)/cnfg_crou.o $(OBJDIR)/unix.o $(OBJDIR)/unix_crou.o $(OBJDIR)/sizeof_crou.o \
	$(STATIC_LINKER) $(FFLAGS) -o $(SPS_BUILD_SUPERPROC) sps_build_superproc.f90 \
	$(OBJDIR)/alphasort.o $(OBJDIR)/getsys.o $(OBJDIR)/putsys.o $(OBJDIR)/string.o $(OBJDIR)/named_constants.o \
	$(OBJDIR)/sizeof.o $(OBJDIR)/sizeof_crou.o $(OBJDIR)/string_crou.o $(OBJDIR)/cgetsys.o $(OBJDIR)/str.o \
	$(OBJDIR)/cputsys.o $(OBJDIR)/cnfg.o $(OBJDIR)/cnfg_crou.o $(OBJDIR)/unix.o $(OBJDIR)/unix_crou.o $(LDFLAGS)

cfebld : $(OBJDIR)/cfebldbeta.c $(OBJDIR)/buildjob.f90 $(OBJDIR)/cfebld_frou.f90 $(CPROBJS) $(STATIC_LIBCPS)
	$(STATIC_LINKER) $(FFLAGS) -o $(CFEBLD) $(OBJDIR)/cfebldbeta.o $(OBJDIR)/buildjob.o $(OBJDIR)/cfebld_frou.o $(STATIC_LIBCPS) $(LDFLAGS)

cfeseries : $(OBJDIR)/cfeseries.o $(STATIC_LIBCPS)
	$(STATIC_LINKER) $(FFLAGS) -o $(CFESER) $(OBJDIR)/cfeseries.o $(OBJDIR)/cfeseries_frou.o $(STATIC_LIBCPS) $(LDFLAGS)

cfesub : $(OBJDIR)/cfesub.o $(STATIC_LIBCPS) $(FPROBJS) $(CPROBJS)
	$(STATIC_LINKER) $(FFLAGS) -o $(CFESUB) $(OBJDIR)/cfesub.o $(OBJDIR)/cfesub_frou.o $(STATIC_LIBCPS) $(LDFLAGS)

ckcomlogs : $(OBJDIR)/ckcomlogs.o $(STATIC_LIBCPS)
	$(STATIC_LINKER) $(FFLAGS) -o $(CKCOMLOGS) $(OBJDIR)/ckcomlogs.o $(STATIC_LIBCPS) $(LDFLAGS)

cpsacct : $(OBJDIR)/cpsacctprg.o $(STATIC_LIBCPS)
	$(STATIC_LINKER) $(FFLAGS) -o $(CPSACCTPRG) $(OBJDIR)/cpsacctprg.o $(OBJDIR)/cnfg.o $(STATIC_LIBCPS) $(LDFLAGS)

filereserve : $(OBJDIR)/filereserve.o $(STATIC_LIBCPS)
	$(STATIC_LINKER) $(FFLAGS) -o $(FILERESERVE) $(OBJDIR)/filereserve.o $(OBJDIR)/pfio.o $(OBJDIR)/str.o $(STATIC_LIBCPS) $(LDFLAGS)

filereservena : $(OBJDIR)/filereservenetapps.o $(STATIC_LIBCPS)
	$(STATIC_LINKER) $(FFLAGS) -o $(FILERESERVENA) $(OBJDIR)/filereservenetapps.o $(OBJDIR)/pfio.o $(OBJDIR)/cnfg.o \
	$(STATIC_LIBCPS) $(LDFLAGS)

color2cgm : $(OBJDIR)/color2cgm.o $(STATIC_LIBCPS)
	$(STATIC_LINKER) $(FFLAGS) -o $(COLOR2CGM) $(OBJDIR)/color2cgm.o $(STATIC_LIBCPS) $(STATIC_LIBCGM) $(LDFLAGS)

fx2fr : $(OBJDIR)/fx2fr.o $(STATIC_LIBCPS)
	$(STATIC_LINKER) $(FFLAGS) -o $(FX2FR) $(OBJDIR)/fx2fr.o $(STATIC_LIBCPS) $(LDFLAGS)

fsize : $(OBJDIR)/fsize.o $(STATIC_LIBCPS)
	$(STATIC_LINKER) $(FFLAGS) -o $(FSIZE) $(OBJDIR)/fsize.o $(STATIC_LIBCPS) $(LDFLAGS)

pftools : $(OBJDIR)/pftools.o $(STATIC_LIBCPS)
	$(STATIC_LINKER) $(FFLAGS) -o $(PFTOOLS) $(OBJDIR)/pftools.o $(STATIC_LIBCPS) $(LDFLAGS)
	ln -f $(PFTOOLS) $(BINDIR)/psz
	ln -f $(PFTOOLS) $(BINDIR)/pcp
	ln -f $(PFTOOLS) $(BINDIR)/pchmod
	ln -f $(PFTOOLS) $(BINDIR)/pmv
	ln -f $(PFTOOLS) $(BINDIR)/prcp
	ln -f $(PFTOOLS) $(BINDIR)/prm
	ln -f $(PFTOOLS) $(BINDIR)/ulf
	ln -f $(PFTOOLS) $(BINDIR)/lfd

pickmerge : $(OBJDIR)/pickmerge.o $(STATIC_LIBCPS)
	$(STATIC_LINKER) $(FFLAGS) -o $(PICKMERGE) $(OBJDIR)/pickmerge.o $(STATIC_LIBCPS) $(LDFLAGS)

refreshlock : $(OBJDIR)/refreshlock.o $(STATIC_LIBCPS)
	$(STATIC_LINKER) $(FFLAGS) -o $(REFRESHLOCK) $(OBJDIR)/refreshlock.o $(STATIC_LIBCPS) $(LDFLAGS)

rsh_timeout : $(OBJDIR)/rsh_timeout.o $(STATIC_LIBCPS)
	$(STATIC_LINKER) $(FFLAGS) -o $(RSH_TIMEOUT) $(OBJDIR)/rsh_timeout.o $(STATIC_LIBCPS) $(LDFLAGS)

sd2fg : $(OBJDIR)/sd2fg.o $(STATIC_LIBCPS)
	$(STATIC_LINKER) $(FFLAGS) -o $(SD2FG) $(OBJDIR)/sd2fg.o $(STATIC_LIBCPS) $(LDFLAGS)

segyfix : $(OBJDIR)/segyfix.o $(STATIC_LIBCPS)
	$(STATIC_LINKER) $(FFLAGS) -o $(SEGYFIX) $(OBJDIR)/segyfix.o $(OBJDIR)/modgrid.o $(OBJDIR)/modgrid_frou.o \
	$(STATIC_LIBCPS) $(LDFLAGS)

segyview : $(OBJDIR)/segyview.o $(STATIC_LIBCPS)
	$(STATIC_LINKER) $(FFLAGS) -o $(SEGYVIEW) $(OBJDIR)/segyview.o $(OBJDIR)/cio.o $(OBJDIR)/named_constants.o $(OBJDIR)/put.o $(OBJDIR)/segy.o \
	$(OBJDIR)/swap.o $(OBJDIR)/trcio.o $(OBJDIR)/wrdc.o $(OBJDIR)/put_crou.o $(OBJDIR)/segy_crou.o \
	$(STATIC_LIBCPS) $(LDFLAGS)

$(STATIC_LIBCPS) : $(COBJS) $(FOBJS)
	ar crv $@ $?

$(SHARED_LIBCPS) : $(COBJS) $(FOBJS) $(MPIOBJS)
	$(SHARED_LINKER) $(CFLAGS) $(CLIBS) -o $@ $? 

$(STATIC_LIBCGM) : $(CGMOBJS) $(OBJDIR)/cgm.o
	ar crv $@ $?

$(SHARED_LIBCGM) : $(CGMOBJS) $(OBJDIR)/cgm.o
	$(SHARED_LINKER) -o $@ $? $(LDFLAGS)

$(COBJS) : %.o : %.c
	$(CC) -c -o $(OBJDIR)/$@ $(CFLAGS) $<

$(FOBJS) : %.o : %.f90
	$(F90) -c -o $(OBJDIR)/$@ $(FFLAGS) $<

$(FPROBJS) : %.o : %.f90
	$(F90) -c -o $(OBJDIR)/$@ $(FFLAGS) $<

$(CPROBJS) : %.o : %.c
	$(CC) -c -o $(OBJDIR)/$@ $(CFLAGS) $<

$(MPIOBJS) : %.o : %.c
	$(CC) -c -o $(OBJDIR)/$@ $(CFLAGS) $<

$(CGMOBJS) : %.o : %.c
	$(CC) -c -o $(OBJDIR)/$@ $(CFLAGS) $<

#%.f90 : 
#	cp `findcps $@` $@

#%.h :
#	cp `findcps $@` $@

#%.c :
#	cp `findcps $@` $@


.PHONY: all clean static shared icps cfebld ezcps ezgui \
		sps_build_superproc command_timeout cfeseries \
		cfesub ckcomlogs cpsacct filereserve filereservena \
		color2cgm fx2fr fsize pftools pickmerge refreshlock \
		rsh_timeout sd2fg segyfix segyview ezsub junk2blank \
		permsave checkc objs progs cfe banner
